20230724	13:21:11	0f1e4f7f-c18a-459f-b6ee-2b7180f58fc5	GET	/	undefined
20230724	13:21:13	35c28204-173b-43b8-9a4f-a1dd7ade2b5e	GET	/	undefined
20230724	13:21:57	759d8920-57f6-4248-9970-08b5aed9678b	GET	/	undefined
20230724	13:21:57	748e40c1-1135-4ee6-8646-1eddb0a6e6a6	GET	/css/style.css	undefined
20230724	13:21:58	0b077de0-bbad-49a9-8249-b45cb4b58dd8	GET	/favicon.ico	undefined
20230724	13:27:22	60f20f47-e436-4c32-bb57-821772cca953	GET	/hello	undefined
20230724	15:39:34	0548b2db-145d-4a67-ba51-512f8e3e88e6	GET	/users	undefined
20230724	15:48:30	ae228c90-a4a7-43f9-9b97-642164414f6b	GET	/users	undefined
20230724	15:49:39	ac702fee-df79-471e-9044-96b11dc92f9c	GET	/users	undefined
20230724	16:01:34	19536794-4450-4df0-8f6b-a7f2c8f761d1	GET	/users	undefined
20230724	16:17:50	d47d7482-3134-492f-861b-dc93174e8b68	GET	/users	undefined
20230724	16:19:19	98b6f204-4326-4722-abf4-0af16f371bdb	GET	/users	undefined
20230726	10:46:27	f98ac4fa-6415-4d5f-a867-a33a628a44e8	GET	/	undefined
20230726	10:46:27	2fe4c1aa-a863-4da8-94e5-b6f0b7d3c846	GET	/css/style.css	undefined
20230726	10:46:27	231fd9a9-f5d8-43d0-80d8-e5f11e5208d3	GET	/favicon.ico	undefined
20230726	10:47:57	58becda3-60e5-4d72-b8ee-c732dd7aa894	GET	/users	undefined
20230726	11:16:14	7be05476-3976-42ec-8e13-a4afd6fd9a88	POST	/users	undefined
20230726	11:27:20	e288c347-a606-4d8e-99ff-618fd0c9de7d	POST	/users	undefined
20230726	11:27:43	9b850526-c3c9-41b8-bb55-4dd1c57ff8c5	POST	/users	undefined
20230726	11:29:00	8422eafc-c36a-49db-a13e-d56eea489511	POST	/users	undefined
20230726	11:30:30	762433da-ae3e-4c7e-84d8-9c25a16790e4	POST	/users	undefined
20230726	11:35:04	9d18096a-3c9d-4de8-a3fc-db345d3e2345	POST	/users	undefined
20230726	11:38:25	53068089-e61c-4923-9649-1d6dd91d934e	POST	/users	undefined
20230726	11:38:37	98b4febc-b335-467f-aec8-eefbb1013b7c	GET	/users	undefined
20230726	11:41:52	11e7b7b8-f24c-4b02-bc9f-66f88455a1f8	GET	/users	undefined
